<?xml version="1.0" encoding="UTF-8"?>
<!-- Generated by org.testng.reporters.JUnitXMLReporter -->
<testsuite ignored="0" hostname="Soumyajit" failures="0" tests="5" name="Default test" time="65.109" errors="0" timestamp="2023-09-29T20:47:59 IST">
  <testcase classname="com.CRM.vTiger1.organisation.MultipleUserOrganisationTest" name="verifyOrganisationTest" time="8.728"/>
  <testcase classname="com.CRM.vTiger1.organisation.MultipleUserOrganisationTest" name="verifyOrganisationTest" time="8.37"/>
  <testcase classname="com.CRM.vTiger1.organisation.MultipleUserOrganisationTest" name="verifyOrganisationTest" time="8.468"/>
  <testcase classname="com.CRM.vTiger1.organisation.MultipleUserOrganisationTest" name="verifyOrganisationTest" time="8.519"/>
  <testcase classname="com.CRM.vTiger1.organisation.MultipleUserOrganisationTest" name="verifyOrganisationTest" time="8.423"/>
</testsuite> <!-- Default test -->
