<?xml version="1.0" encoding="UTF-8"?>
<testng-results ignored="0" total="5" passed="5" failed="0" skipped="0">
  <reporter-output>
  </reporter-output>
  <suite started-at="2023-09-29T20:46:54 IST" name="Default suite" finished-at="2023-09-29T20:47:59 IST" duration-ms="65109">
    <groups>
    </groups>
    <test started-at="2023-09-29T20:46:54 IST" name="Default test" finished-at="2023-09-29T20:47:59 IST" duration-ms="65109">
      <class name="com.CRM.vTiger1.organisation.MultipleUserOrganisationTest">
        <test-method is-config="true" signature="bsConfig()[pri:0, instance:com.CRM.vTiger1.organisation.MultipleUserOrganisationTest@279fedbd]" started-at="2023-09-29T20:46:54 IST" name="bsConfig" finished-at="2023-09-29T20:46:54 IST" duration-ms="17" status="PASS">
          <reporter-output>
          </reporter-output>
        </test-method> <!-- bsConfig -->
        <test-method is-config="true" signature="bcConfig()[pri:0, instance:com.CRM.vTiger1.organisation.MultipleUserOrganisationTest@279fedbd]" started-at="2023-09-29T20:46:55 IST" name="bcConfig" finished-at="2023-09-29T20:46:59 IST" duration-ms="3828" status="PASS">
          <reporter-output>
          </reporter-output>
        </test-method> <!-- bcConfig -->
        <test-method is-config="true" signature="bmConfig()[pri:0, instance:com.CRM.vTiger1.organisation.MultipleUserOrganisationTest@279fedbd]" started-at="2023-09-29T20:46:59 IST" name="bmConfig" finished-at="2023-09-29T20:47:02 IST" duration-ms="2392" status="PASS">
          <reporter-output>
          </reporter-output>
        </test-method> <!-- bmConfig -->
        <test-method signature="verifyOrganisationTest(java.lang.String)[pri:0, instance:com.CRM.vTiger1.organisation.MultipleUserOrganisationTest@279fedbd]" started-at="2023-09-29T20:47:02 IST" name="verifyOrganisationTest" data-provider="multipleData" finished-at="2023-09-29T20:47:11 IST" duration-ms="8728" status="PASS">
          <params>
            <param index="0">
              <value>
                <![CDATA[Soumyajit]]>
              </value>
            </param>
          </params>
          <reporter-output>
          </reporter-output>
        </test-method> <!-- verifyOrganisationTest -->
        <test-method is-config="true" signature="amConfig()[pri:0, instance:com.CRM.vTiger1.organisation.MultipleUserOrganisationTest@279fedbd]" started-at="2023-09-29T20:47:11 IST" name="amConfig" finished-at="2023-09-29T20:47:12 IST" duration-ms="1228" status="PASS">
          <reporter-output>
          </reporter-output>
        </test-method> <!-- amConfig -->
        <test-method is-config="true" signature="bmConfig()[pri:0, instance:com.CRM.vTiger1.organisation.MultipleUserOrganisationTest@279fedbd]" started-at="2023-09-29T20:47:12 IST" name="bmConfig" finished-at="2023-09-29T20:47:14 IST" duration-ms="2132" status="PASS">
          <reporter-output>
          </reporter-output>
        </test-method> <!-- bmConfig -->
        <test-method signature="verifyOrganisationTest(java.lang.String)[pri:0, instance:com.CRM.vTiger1.organisation.MultipleUserOrganisationTest@279fedbd]" started-at="2023-09-29T20:47:14 IST" name="verifyOrganisationTest" data-provider="multipleData" finished-at="2023-09-29T20:47:22 IST" duration-ms="8370" status="PASS">
          <params>
            <param index="0">
              <value>
                <![CDATA[Maharshi]]>
              </value>
            </param>
          </params>
          <reporter-output>
          </reporter-output>
        </test-method> <!-- verifyOrganisationTest -->
        <test-method is-config="true" signature="amConfig()[pri:0, instance:com.CRM.vTiger1.organisation.MultipleUserOrganisationTest@279fedbd]" started-at="2023-09-29T20:47:22 IST" name="amConfig" finished-at="2023-09-29T20:47:23 IST" duration-ms="1135" status="PASS">
          <reporter-output>
          </reporter-output>
        </test-method> <!-- amConfig -->
        <test-method is-config="true" signature="bmConfig()[pri:0, instance:com.CRM.vTiger1.organisation.MultipleUserOrganisationTest@279fedbd]" started-at="2023-09-29T20:47:23 IST" name="bmConfig" finished-at="2023-09-29T20:47:25 IST" duration-ms="2013" status="PASS">
          <reporter-output>
          </reporter-output>
        </test-method> <!-- bmConfig -->
        <test-method signature="verifyOrganisationTest(java.lang.String)[pri:0, instance:com.CRM.vTiger1.organisation.MultipleUserOrganisationTest@279fedbd]" started-at="2023-09-29T20:47:25 IST" name="verifyOrganisationTest" data-provider="multipleData" finished-at="2023-09-29T20:47:34 IST" duration-ms="8468" status="PASS">
          <params>
            <param index="0">
              <value>
                <![CDATA[Ananda]]>
              </value>
            </param>
          </params>
          <reporter-output>
          </reporter-output>
        </test-method> <!-- verifyOrganisationTest -->
        <test-method is-config="true" signature="amConfig()[pri:0, instance:com.CRM.vTiger1.organisation.MultipleUserOrganisationTest@279fedbd]" started-at="2023-09-29T20:47:34 IST" name="amConfig" finished-at="2023-09-29T20:47:35 IST" duration-ms="1111" status="PASS">
          <reporter-output>
          </reporter-output>
        </test-method> <!-- amConfig -->
        <test-method is-config="true" signature="bmConfig()[pri:0, instance:com.CRM.vTiger1.organisation.MultipleUserOrganisationTest@279fedbd]" started-at="2023-09-29T20:47:35 IST" name="bmConfig" finished-at="2023-09-29T20:47:37 IST" duration-ms="1979" status="PASS">
          <reporter-output>
          </reporter-output>
        </test-method> <!-- bmConfig -->
        <test-method signature="verifyOrganisationTest(java.lang.String)[pri:0, instance:com.CRM.vTiger1.organisation.MultipleUserOrganisationTest@279fedbd]" started-at="2023-09-29T20:47:37 IST" name="verifyOrganisationTest" data-provider="multipleData" finished-at="2023-09-29T20:47:46 IST" duration-ms="8519" status="PASS">
          <params>
            <param index="0">
              <value>
                <![CDATA[jagannath]]>
              </value>
            </param>
          </params>
          <reporter-output>
          </reporter-output>
        </test-method> <!-- verifyOrganisationTest -->
        <test-method is-config="true" signature="amConfig()[pri:0, instance:com.CRM.vTiger1.organisation.MultipleUserOrganisationTest@279fedbd]" started-at="2023-09-29T20:47:46 IST" name="amConfig" finished-at="2023-09-29T20:47:47 IST" duration-ms="1191" status="PASS">
          <reporter-output>
          </reporter-output>
        </test-method> <!-- amConfig -->
        <test-method is-config="true" signature="bmConfig()[pri:0, instance:com.CRM.vTiger1.organisation.MultipleUserOrganisationTest@279fedbd]" started-at="2023-09-29T20:47:47 IST" name="bmConfig" finished-at="2023-09-29T20:47:49 IST" duration-ms="2221" status="PASS">
          <reporter-output>
          </reporter-output>
        </test-method> <!-- bmConfig -->
        <test-method signature="verifyOrganisationTest(java.lang.String)[pri:0, instance:com.CRM.vTiger1.organisation.MultipleUserOrganisationTest@279fedbd]" started-at="2023-09-29T20:47:49 IST" name="verifyOrganisationTest" data-provider="multipleData" finished-at="2023-09-29T20:47:57 IST" duration-ms="8423" status="PASS">
          <params>
            <param index="0">
              <value>
                <![CDATA[Aditya]]>
              </value>
            </param>
          </params>
          <reporter-output>
          </reporter-output>
        </test-method> <!-- verifyOrganisationTest -->
        <test-method is-config="true" signature="amConfig()[pri:0, instance:com.CRM.vTiger1.organisation.MultipleUserOrganisationTest@279fedbd]" started-at="2023-09-29T20:47:57 IST" name="amConfig" finished-at="2023-09-29T20:47:59 IST" duration-ms="1905" status="PASS">
          <reporter-output>
          </reporter-output>
        </test-method> <!-- amConfig -->
        <test-method is-config="true" signature="acConfig()[pri:0, instance:com.CRM.vTiger1.organisation.MultipleUserOrganisationTest@279fedbd]" started-at="2023-09-29T20:47:59 IST" name="acConfig" finished-at="2023-09-29T20:47:59 IST" duration-ms="198" status="PASS">
          <reporter-output>
          </reporter-output>
        </test-method> <!-- acConfig -->
        <test-method is-config="true" signature="asConfig()[pri:0, instance:com.CRM.vTiger1.organisation.MultipleUserOrganisationTest@279fedbd]" started-at="2023-09-29T20:48:00 IST" name="asConfig" finished-at="2023-09-29T20:48:00 IST" duration-ms="1" status="PASS">
          <reporter-output>
          </reporter-output>
        </test-method> <!-- asConfig -->
      </class> <!-- com.CRM.vTiger1.organisation.MultipleUserOrganisationTest -->
    </test> <!-- Default test -->
  </suite> <!-- Default suite -->
</testng-results>
